2017-04-13T10:29:41.617+0800 I CONTROL  [initandlisten] MongoDB starting : pid=6884 port=12345 dbpath=data 64-bit host=zhangzhibin01
2017-04-13T10:29:41.617+0800 I CONTROL  [initandlisten] targetMinOS: Windows 7/Windows Server 2008 R2
2017-04-13T10:29:41.617+0800 I CONTROL  [initandlisten] db version v3.4.2
2017-04-13T10:29:41.617+0800 I CONTROL  [initandlisten] git version: 3f76e40c105fc223b3e5aac3e20dcd026b83b38b
2017-04-13T10:29:41.617+0800 I CONTROL  [initandlisten] OpenSSL version: OpenSSL 1.0.2h  3 May 2016
2017-04-13T10:29:41.617+0800 I CONTROL  [initandlisten] allocator: tcmalloc
2017-04-13T10:29:41.617+0800 I CONTROL  [initandlisten] modules: none
2017-04-13T10:29:41.618+0800 I CONTROL  [initandlisten] build environment:
2017-04-13T10:29:41.618+0800 I CONTROL  [initandlisten]     distmod: 2008plus-ssl
2017-04-13T10:29:41.618+0800 I CONTROL  [initandlisten]     distarch: x86_64
2017-04-13T10:29:41.618+0800 I CONTROL  [initandlisten]     target_arch: x86_64
2017-04-13T10:29:41.618+0800 I CONTROL  [initandlisten] options: { config: "conf/mongod.conf", net: { port: 12345 }, storage: { dbPath: "data" }, systemLog: { destination: "file", path: "logs/mongod.log" } }
2017-04-13T10:29:41.618+0800 W -        [initandlisten] Detected unclean shutdown - data\mongod.lock is not empty.
2017-04-13T10:29:41.621+0800 I -        [initandlisten] Detected data files in data created by the 'wiredTiger' storage engine, so setting the active storage engine to 'wiredTiger'.
2017-04-13T10:29:41.621+0800 W STORAGE  [initandlisten] Recovering data from the last clean checkpoint.
2017-04-13T10:29:41.621+0800 I STORAGE  [initandlisten] wiredtiger_open config: create,cache_size=3432M,session_max=20000,eviction=(threads_max=4),config_base=false,statistics=(fast),log=(enabled=true,archive=true,path=journal,compressor=snappy),file_manager=(close_idle_time=100000),checkpoint=(wait=60,log_size=2GB),statistics_log=(wait=0),
2017-04-13T10:29:42.458+0800 I CONTROL  [initandlisten] 
2017-04-13T10:29:42.458+0800 I CONTROL  [initandlisten] ** WARNING: Access control is not enabled for the database.
2017-04-13T10:29:42.458+0800 I CONTROL  [initandlisten] **          Read and write access to data and configuration is unrestricted.
2017-04-13T10:29:42.458+0800 I CONTROL  [initandlisten] 
2017-04-13T10:29:42.793+0800 I FTDC     [initandlisten] Initializing full-time diagnostic data capture with directory 'data/diagnostic.data'
2017-04-13T10:29:42.795+0800 I NETWORK  [thread1] waiting for connections on port 12345
2017-04-13T10:29:43.031+0800 I FTDC     [ftdc] Unclean full-time diagnostic data capture shutdown detected, found interim file, some metrics may have been lost. OK
2017-04-13T10:30:11.484+0800 I NETWORK  [thread1] connection accepted from 127.0.0.1:43350 #1 (1 connection now open)
2017-04-13T10:30:11.518+0800 I NETWORK  [conn1] received client metadata from 127.0.0.1:43350 conn1: { driver: { name: "nodejs", version: "2.2.22" }, os: { type: "Windows_NT", name: "win32", architecture: "x64", version: "6.3.9600" }, platform: "Node.js v6.9.5, LE, mongodb-core: 2.1.7" }
2017-04-13T17:53:36.981+0800 I COMMAND  [conn1] command blog.emails command: insert { insert: "emails", documents: [ { email: "563703814@qq.com", startime: 1492077276, vcode: "282676", _id: ObjectId('58ef4aa090160b0f74013bac'), meta: { updateAt: new Date(1492077216802), createAt: new Date(1492077216802) }, __v: 0 } ], ordered: false, writeConcern: { w: 1 } } ninserted:1 keysInserted:1 numYields:0 reslen:44 locks:{ Global: { acquireCount: { r: 3, w: 3 } }, Database: { acquireCount: { w: 2, W: 1 } }, Collection: { acquireCount: { w: 2 } } } protocol:op_query 153ms
2017-04-13T17:53:54.454+0800 I COMMAND  [conn1] command blog.users command: insert { insert: "users", documents: [ { uname: "Free68", phone: "15601604621", email: "563703814@qq.com", vcode: "282676", password: "cd87cd5ef753a06ee79fc75dc7cfe66c", _id: ObjectId('58ef4ab290160b0f74013bad'), meta: { updateAt: new Date(1492077234252), createAt: new Date(1492077234252) }, __v: 0 } ], ordered: false, writeConcern: { w: 1 } } ninserted:1 keysInserted:1 numYields:0 reslen:44 locks:{ Global: { acquireCount: { r: 3, w: 3 } }, Database: { acquireCount: { w: 2, W: 1 } }, Collection: { acquireCount: { w: 2 } } } protocol:op_query 200ms
